TN:
SF:lib/activityLog.js
FN:3,logActivity
FNF:1
FNH:1
FNDA:8,logActivity
DA:1,5
DA:4,8
DA:14,5
LF:3
LH:3
BRF:0
BRH:0
end_of_record
TN:
SF:lib/errorHandler.js
FN:9,handleServiceError
FNF:1
FNH:1
FNDA:7,handleServiceError
DA:1,1
DA:10,7
DA:11,7
DA:12,5
DA:14,2
DA:15,7
DA:18,1
LF:7
LH:7
BRDA:11,0,0,5
BRDA:11,0,1,2
BRDA:14,1,0,2
BRDA:14,1,1,1
BRF:4
BRH:4
end_of_record
TN:
SF:lib/errors.js
FN:2,constructor
FN:9,constructor_2
FN:16,constructor_3
FN:23,constructor_4
FN:30,constructor_5
FNF:5
FNH:5
FNDA:24,constructor
FNDA:27,constructor_2
FNDA:12,constructor_3
FNDA:3,constructor_4
FNDA:2,constructor_5
DA:3,24
DA:4,24
DA:10,27
DA:11,27
DA:17,12
DA:18,12
DA:24,3
DA:25,3
DA:31,2
DA:32,2
DA:36,9
LF:11
LH:11
BRDA:9,0,0,27
BRDA:16,1,0,12
BRF:2
BRH:2
end_of_record
TN:
SF:lib/mailQueue.js
FN:4,enqueueMail
FN:9,processQueue
FNF:2
FNH:2
FNDA:2,enqueueMail
FNDA:2,processQueue
DA:1,3
DA:2,3
DA:5,2
DA:6,2
DA:10,2
DA:11,2
DA:13,2
DA:14,2
DA:15,2
DA:16,2
DA:18,0
DA:22,1
DA:25,3
LF:13
LH:12
BRDA:10,0,0,0
BRDA:10,0,1,2
BRF:2
BRH:1
end_of_record
TN:
SF:lib/mailer.js
FN:8,sendMail
FNF:1
FNH:1
FNDA:2,sendMail
DA:1,3
DA:3,3
DA:5,3
DA:6,3
DA:9,2
DA:10,2
DA:16,1
DA:17,1
DA:20,0
DA:24,3
LF:10
LH:9
BRDA:5,0,0,3
BRDA:5,0,1,0
BRDA:6,1,0,3
BRDA:6,1,1,0
BRDA:16,2,0,1
BRDA:16,2,1,0
BRF:6
BRH:3
end_of_record
TN:
SF:lib/membership.js
FN:3,isWgMember
FN:10,resolveMemberByName
FN:16,(anonymous_2)
FNF:3
FNH:3
FNDA:53,isWgMember
FNDA:6,resolveMemberByName
FNDA:8,(anonymous_2)
DA:1,8
DA:4,53
DA:7,53
DA:11,6
DA:12,6
DA:16,8
DA:17,6
DA:20,8
LF:8
LH:8
BRDA:17,0,0,3
BRDA:17,0,1,3
BRF:2
BRH:2
end_of_record
TN:
SF:lib/notifications.js
FN:14,otherMemberEmails
FN:19,(anonymous_1)
FN:22,notifyNewMember
FN:25,(anonymous_3)
FN:32,notifyNewTask
FN:36,(anonymous_5)
FN:43,notifyShopping
FN:47,(anonymous_7)
FN:54,notifyPasswordChanged
FN:55,(anonymous_9)
FNF:10
FNH:8
FNDA:7,otherMemberEmails
FNDA:1,(anonymous_1)
FNDA:2,notifyNewMember
FNDA:0,(anonymous_3)
FNDA:3,notifyNewTask
FNDA:1,(anonymous_5)
FNDA:2,notifyShopping
FNDA:0,(anonymous_7)
FNDA:1,notifyPasswordChanged
FNDA:1,(anonymous_9)
DA:1,3
DA:2,3
DA:3,3
DA:4,3
DA:5,3
DA:6,3
DA:7,3
DA:8,3
DA:10,3
DA:11,3
DA:12,3
DA:15,7
DA:19,7
DA:23,2
DA:24,2
DA:25,0
DA:33,3
DA:34,3
DA:35,1
DA:36,1
DA:44,2
DA:45,2
DA:46,0
DA:47,0
DA:55,1
DA:62,3
LF:26
LH:23
BRDA:24,0,0,2
BRDA:24,0,1,0
BRDA:34,1,0,2
BRDA:34,1,1,1
BRDA:45,2,0,2
BRDA:45,2,1,0
BRF:6
BRH:4
end_of_record
TN:
SF:lib/prisma.js
FNF:0
FNH:0
DA:4,10
DA:8,10
DA:10,10
LF:3
LH:3
BRDA:4,0,0,10
BRDA:4,0,1,10
BRF:2
BRH:2
end_of_record
TN:
SF:lib/webpush.js
FN:14,sendPushToUser
FN:18,(anonymous_1)
FN:29,(anonymous_2)
FNF:3
FNH:2
FNDA:2,sendPushToUser
FNDA:1,(anonymous_1)
FNDA:0,(anonymous_2)
DA:1,3
DA:2,3
DA:4,3
DA:5,3
DA:6,3
DA:8,3
DA:9,3
DA:11,0
DA:15,2
DA:16,2
DA:18,2
DA:19,1
DA:20,1
DA:28,1
DA:29,0
DA:31,1
DA:36,0
DA:40,3
LF:18
LH:15
BRDA:6,0,0,3
BRDA:6,0,1,0
BRDA:8,1,0,3
BRDA:8,1,1,0
BRDA:8,2,0,3
BRDA:8,2,1,3
BRDA:28,3,0,0
BRDA:28,3,1,1
BRDA:28,4,0,1
BRDA:28,4,1,1
BRDA:31,5,0,1
BRDA:31,5,1,0
BRF:12
BRH:8
end_of_record
TN:
SF:modules/auth/auth.service.js
FN:13,getCurrentUser
FN:30,register
FN:53,login
FN:75,updateProfile
FN:86,changePassword
FN:107,(anonymous_5)
FN:110,getUserById
FN:116,getAccessibleUsers
FN:125,(anonymous_8)
FN:138,(anonymous_9)
FN:139,(anonymous_10)
FNF:11
FNH:10
FNDA:5,getCurrentUser
FNDA:24,register
FNDA:5,login
FNDA:2,updateProfile
FNDA:5,changePassword
FNDA:0,(anonymous_5)
FNDA:9,getUserById
FNDA:3,getAccessibleUsers
FNDA:2,(anonymous_8)
FNDA:1,(anonymous_9)
FNDA:2,(anonymous_10)
DA:1,5
DA:2,5
DA:3,5
DA:4,5
DA:5,5
DA:7,5
DA:8,5
DA:9,1
DA:10,1
DA:14,5
DA:17,4
DA:18,4
DA:20,2
DA:22,2
DA:24,2
DA:25,2
DA:27,1
DA:31,24
DA:32,1
DA:35,23
DA:37,23
DA:38,1
DA:41,22
DA:42,22
DA:44,21
DA:46,21
DA:50,21
DA:54,5
DA:55,1
DA:58,4
DA:60,4
DA:61,4
DA:63,3
DA:64,3
DA:66,2
DA:72,2
DA:76,2
DA:78,1
DA:83,1
DA:87,5
DA:88,1
DA:90,4
DA:91,1
DA:94,3
DA:95,3
DA:97,2
DA:98,2
DA:100,1
DA:101,1
DA:106,1
DA:107,0
DA:111,9
DA:112,9
DA:113,8
DA:118,3
DA:120,3
DA:121,2
DA:122,2
DA:124,1
DA:125,2
DA:135,1
DA:137,1
DA:138,1
DA:139,1
DA:140,2
DA:150,1
DA:153,4
LF:67
LH:66
BRDA:8,0,0,1
BRDA:8,0,1,4
BRDA:14,1,0,1
BRDA:14,1,1,4
BRDA:22,2,0,0
BRDA:22,2,1,2
BRDA:22,3,0,2
BRDA:22,3,1,2
BRDA:25,4,0,1
BRDA:25,4,1,1
BRDA:31,5,0,1
BRDA:31,5,1,23
BRDA:31,6,0,24
BRDA:31,6,1,24
BRDA:31,6,2,24
BRDA:37,7,0,1
BRDA:37,7,1,22
BRDA:42,8,0,1
BRDA:42,8,1,21
BRDA:54,9,0,1
BRDA:54,9,1,4
BRDA:54,10,0,5
BRDA:54,10,1,5
BRDA:61,11,0,1
BRDA:61,11,1,3
BRDA:64,12,0,1
BRDA:64,12,1,2
BRDA:76,13,0,1
BRDA:76,13,1,1
BRDA:76,14,0,2
BRDA:76,14,1,2
BRDA:87,15,0,1
BRDA:87,15,1,4
BRDA:87,16,0,5
BRDA:87,16,1,5
BRDA:90,17,0,1
BRDA:90,17,1,3
BRDA:95,18,0,1
BRDA:95,18,1,2
BRDA:98,19,0,1
BRDA:98,19,1,1
BRDA:112,20,0,1
BRDA:112,20,1,8
BRDA:120,21,0,2
BRDA:120,21,1,1
BRDA:122,22,0,1
BRDA:122,22,1,1
BRF:47
BRH:46
end_of_record
TN:
SF:modules/calendar/calendar.service.js
FN:5,listEvents
FN:12,createEvent
FN:19,deleteAllForWgOperation
FNF:3
FNH:3
FNDA:3,listEvents
FNDA:3,createEvent
FNDA:2,deleteAllForWgOperation
DA:1,3
DA:2,3
DA:3,3
DA:6,3
DA:7,2
DA:9,1
DA:13,3
DA:14,2
DA:16,1
DA:20,2
DA:23,3
LF:11
LH:11
BRDA:6,0,0,1
BRDA:6,0,1,2
BRDA:7,1,0,1
BRDA:7,1,1,1
BRDA:13,2,0,1
BRDA:13,2,1,2
BRDA:13,3,0,3
BRDA:13,3,1,3
BRDA:13,3,2,3
BRDA:14,4,0,1
BRDA:14,4,1,1
BRF:11
BRH:11
end_of_record
TN:
SF:modules/finances/finances.service.js
FN:6,listExpenses
FN:20,(anonymous_1)
FN:26,createExpense
FN:50,settleExpenses
FN:58,deleteAllForWgOperation
FNF:5
FNH:5
FNDA:4,listExpenses
FNDA:3,(anonymous_1)
FNDA:6,createExpense
FNDA:3,settleExpenses
FNDA:2,deleteAllForWgOperation
DA:1,3
DA:2,3
DA:3,3
DA:4,3
DA:7,4
DA:8,3
DA:10,2
DA:20,3
DA:27,6
DA:28,5
DA:30,4
DA:31,6
DA:32,2
DA:33,2
DA:36,4
DA:45,4
DA:47,4
DA:51,3
DA:52,2
DA:54,1
DA:55,1
DA:59,2
DA:62,3
LF:23
LH:23
BRDA:7,0,0,1
BRDA:7,0,1,3
BRDA:8,1,0,1
BRDA:8,1,1,2
BRDA:13,2,0,1
BRDA:13,2,1,1
BRDA:22,3,0,3
BRDA:22,3,1,0
BRDA:27,4,0,1
BRDA:27,4,1,5
BRDA:27,5,0,6
BRDA:27,5,1,6
BRDA:28,6,0,1
BRDA:28,6,1,4
BRDA:30,7,0,4
BRDA:30,7,1,3
BRDA:31,8,0,2
BRDA:31,8,1,4
BRDA:33,9,0,1
BRDA:33,9,1,1
BRDA:38,10,0,4
BRDA:38,10,1,3
BRDA:45,11,0,4
BRDA:45,11,1,3
BRDA:51,12,0,1
BRDA:51,12,1,2
BRDA:52,13,0,1
BRDA:52,13,1,1
BRF:28
BRH:27
end_of_record
TN:
SF:modules/messages/messages.service.js
FN:5,listMessages
FN:15,(anonymous_1)
FN:21,createMessage
FN:42,deleteAllForWgOperation
FNF:4
FNH:4
FNDA:3,listMessages
FNDA:2,(anonymous_1)
FNDA:3,createMessage
FNDA:2,deleteAllForWgOperation
DA:1,3
DA:2,3
DA:3,3
DA:6,3
DA:7,2
DA:9,1
DA:15,2
DA:22,3
DA:23,2
DA:25,1
DA:36,1
DA:43,2
DA:46,3
LF:13
LH:13
BRDA:6,0,0,1
BRDA:6,0,1,2
BRDA:7,1,0,1
BRDA:7,1,1,1
BRDA:17,2,0,1
BRDA:17,2,1,1
BRDA:17,3,0,1
BRDA:17,3,1,0
BRDA:22,4,0,1
BRDA:22,4,1,2
BRDA:22,5,0,3
BRDA:22,5,1,3
BRDA:23,6,0,1
BRDA:23,6,1,1
BRDA:28,7,0,1
BRDA:28,7,1,1
BRDA:38,8,0,1
BRDA:38,8,1,0
BRF:18
BRH:16
end_of_record
TN:
SF:modules/push/push.service.js
FN:4,upsertSubscription
FNF:1
FNH:1
FNDA:6,upsertSubscription
DA:1,1
DA:2,1
DA:5,6
DA:6,3
DA:9,3
DA:16,1
LF:6
LH:6
BRDA:5,0,0,3
BRDA:5,0,1,3
BRDA:5,1,0,6
BRDA:5,1,1,5
BRDA:5,1,2,4
BRF:5
BRH:5
end_of_record
TN:
SF:modules/shopping/shopping.service.js
FN:6,listShoppingItems
FN:18,createShoppingItem
FN:36,updateShoppingItem
FN:52,deleteShoppingItem
FN:59,deleteAllForWgOperation
FNF:5
FNH:5
FNDA:4,listShoppingItems
FNDA:3,createShoppingItem
FNDA:5,updateShoppingItem
FNDA:3,deleteShoppingItem
FNDA:2,deleteAllForWgOperation
DA:1,3
DA:2,3
DA:3,3
DA:4,3
DA:7,4
DA:8,3
DA:10,2
DA:19,3
DA:20,2
DA:22,1
DA:31,1
DA:33,1
DA:37,5
DA:38,5
DA:40,3
DA:45,3
DA:46,1
DA:49,3
DA:53,3
DA:54,3
DA:56,1
DA:60,2
DA:63,3
LF:23
LH:23
BRDA:7,0,0,1
BRDA:7,0,1,3
BRDA:8,1,0,1
BRDA:8,1,1,2
BRDA:13,2,0,1
BRDA:13,2,1,1
BRDA:19,3,0,1
BRDA:19,3,1,2
BRDA:19,4,0,3
BRDA:19,4,1,3
BRDA:20,5,0,1
BRDA:20,5,1,1
BRDA:25,6,0,1
BRDA:25,6,1,1
BRDA:38,7,0,2
BRDA:38,7,1,3
BRDA:38,8,0,5
BRDA:38,8,1,4
BRDA:42,9,0,2
BRDA:42,9,1,1
BRDA:45,10,0,1
BRDA:45,10,1,2
BRDA:45,11,0,3
BRDA:45,11,1,3
BRDA:54,12,0,2
BRDA:54,12,1,1
BRDA:54,13,0,3
BRDA:54,13,1,2
BRF:28
BRH:28
end_of_record
TN:
SF:modules/tasks/tasks.service.js
FN:8,listTodos
FN:20,(anonymous_1)
FN:26,createTodo
FN:46,(anonymous_3)
FN:48,(anonymous_4)
FN:53,updateTodo
FN:74,deleteAllForWgOperation
FNF:7
FNH:5
FNDA:5,listTodos
FNDA:4,(anonymous_1)
FNDA:5,createTodo
FNDA:0,(anonymous_3)
FNDA:0,(anonymous_4)
FNDA:4,updateTodo
FNDA:2,deleteAllForWgOperation
DA:1,3
DA:2,3
DA:3,3
DA:4,3
DA:5,3
DA:6,3
DA:9,5
DA:10,4
DA:12,3
DA:13,3
DA:15,3
DA:20,4
DA:27,5
DA:28,4
DA:30,3
DA:31,3
DA:32,1
DA:33,2
DA:34,1
DA:37,3
DA:46,3
DA:47,3
DA:48,0
DA:50,5
DA:54,4
DA:55,4
DA:57,3
DA:59,2
DA:67,2
DA:68,1
DA:71,2
DA:75,2
DA:78,3
LF:33
LH:32
BRDA:9,0,0,1
BRDA:9,0,1,4
BRDA:10,1,0,1
BRDA:10,1,1,3
BRDA:13,2,0,1
BRDA:13,2,1,2
BRDA:22,3,0,3
BRDA:22,3,1,1
BRDA:27,4,0,1
BRDA:27,4,1,4
BRDA:27,5,0,5
BRDA:27,5,1,5
BRDA:28,6,0,1
BRDA:28,6,1,3
BRDA:31,7,0,1
BRDA:31,7,1,2
BRDA:33,8,0,1
BRDA:33,8,1,1
BRDA:47,9,0,3
BRDA:47,9,1,0
BRDA:55,10,0,1
BRDA:55,10,1,3
BRDA:57,11,0,1
BRDA:57,11,1,2
BRDA:62,12,0,2
BRDA:62,12,1,0
BRDA:63,13,0,0
BRDA:63,13,1,2
BRDA:63,14,0,0
BRDA:63,14,1,0
BRDA:67,15,0,1
BRDA:67,15,1,1
BRDA:67,16,0,2
BRDA:67,16,1,2
BRF:34
BRH:29
end_of_record
TN:
SF:modules/wgs/wgs.service.js
FN:13,listWgs
FN:19,(anonymous_1)
FN:24,getWg
FN:30,createWg
FN:46,updateWg
FN:61,listMembers
FN:69,(anonymous_6)
FN:77,updateMemberStatus
FN:96,(anonymous_8)
FN:100,(anonymous_9)
FN:103,(anonymous_10)
FN:109,(anonymous_11)
FN:111,(anonymous_12)
FN:114,(anonymous_13)
FN:120,removeWgMember
FN:151,getInvitationByToken
FN:161,createInvitation
FN:178,joinViaInvitation
FN:209,(anonymous_18)
FN:215,(anonymous_19)
FN:220,getMembership
FN:224,getMembershipsForWg
FN:228,getMembershipsForUser
FNF:23
FNH:16
FNDA:2,listWgs
FNDA:1,(anonymous_1)
FNDA:2,getWg
FNDA:3,createWg
FNDA:3,updateWg
FNDA:2,listMembers
FNDA:1,(anonymous_6)
FNDA:5,updateMemberStatus
FNDA:0,(anonymous_8)
FNDA:0,(anonymous_9)
FNDA:2,(anonymous_10)
FNDA:0,(anonymous_11)
FNDA:0,(anonymous_12)
FNDA:0,(anonymous_13)
FNDA:4,removeWgMember
FNDA:2,getInvitationByToken
FNDA:3,createInvitation
FNDA:6,joinViaInvitation
FNDA:0,(anonymous_18)
FNDA:0,(anonymous_19)
FNDA:3,getMembership
FNDA:2,getMembershipsForWg
FNDA:2,getMembershipsForUser
DA:1,2
DA:2,2
DA:3,2
DA:4,2
DA:5,2
DA:6,2
DA:7,2
DA:8,2
DA:9,2
DA:10,2
DA:11,2
DA:14,2
DA:15,1
DA:19,1
DA:21,1
DA:25,2
DA:26,2
DA:27,1
DA:31,3
DA:33,2
DA:37,2
DA:38,1
DA:43,2
DA:47,3
DA:49,2
DA:51,1
DA:62,2
DA:64,1
DA:69,1
DA:78,5
DA:80,4
DA:82,4
DA:86,4
DA:95,4
DA:96,2
DA:97,2
DA:99,2
DA:100,0
DA:102,2
DA:104,2
DA:109,2
DA:110,0
DA:111,0
DA:114,0
DA:117,4
DA:121,4
DA:123,3
DA:126,3
DA:128,2
DA:130,2
DA:131,1
DA:141,1
DA:144,1
DA:148,1
DA:152,2
DA:156,2
DA:158,1
DA:162,3
DA:163,3
DA:165,2
DA:167,1
DA:179,6
DA:181,5
DA:185,5
DA:187,4
DA:188,1
DA:191,3
DA:194,3
DA:196,2
DA:204,2
DA:209,2
DA:210,2
DA:215,0
DA:217,6
DA:221,3
DA:225,2
DA:229,2
DA:241,2
LF:78
LH:73
BRDA:14,0,0,1
BRDA:14,0,1,1
BRDA:26,1,0,1
BRDA:26,1,1,1
BRDA:31,2,0,1
BRDA:31,2,1,2
BRDA:37,3,0,1
BRDA:37,3,1,1
BRDA:47,4,0,1
BRDA:47,4,1,2
BRDA:47,5,0,3
BRDA:47,5,1,2
BRDA:49,6,0,1
BRDA:49,6,1,1
BRDA:54,7,0,1
BRDA:54,7,1,3
BRDA:55,8,0,1
BRDA:55,8,1,3
BRDA:56,9,0,0
BRDA:56,9,1,3
BRDA:62,10,0,1
BRDA:62,10,1,1
BRDA:78,11,0,1
BRDA:78,11,1,4
BRDA:89,12,0,1
BRDA:89,12,1,5
BRDA:90,13,0,2
BRDA:90,13,1,5
BRDA:91,14,0,3
BRDA:91,14,1,5
BRDA:95,15,0,2
BRDA:95,15,1,2
BRDA:95,16,0,4
BRDA:95,16,1,3
BRDA:95,16,2,3
BRDA:97,17,0,2
BRDA:97,17,1,0
BRDA:107,18,0,2
BRDA:107,18,1,0
BRDA:121,19,0,1
BRDA:121,19,1,3
BRDA:126,20,0,1
BRDA:126,20,1,2
BRDA:130,21,0,1
BRDA:130,21,1,1
BRDA:156,22,0,1
BRDA:156,22,1,1
BRDA:163,23,0,1
BRDA:163,23,1,2
BRDA:165,24,0,1
BRDA:165,24,1,1
BRDA:170,25,0,1
BRDA:170,25,1,1
BRDA:171,26,0,3
BRDA:171,26,1,0
BRDA:173,27,0,3
BRDA:173,27,1,3
BRDA:179,28,0,1
BRDA:179,28,1,5
BRDA:179,29,0,6
BRDA:179,29,1,5
BRDA:185,30,0,1
BRDA:185,30,1,4
BRDA:187,31,0,1
BRDA:187,31,1,3
BRDA:187,32,0,4
BRDA:187,32,1,3
BRDA:194,33,0,1
BRDA:194,33,1,2
BRDA:214,34,0,2
BRDA:214,34,1,0
BRF:71
BRH:66
end_of_record
